0 verbose cli /data/data/com.termux/files/usr/bin/node /data/data/com.termux/files/usr/bin/npm
1 info using npm@8.19.2
2 info using node@v18.12.1
3 timing npm:load:whichnode Completed in 1ms
4 timing config:load:defaults Completed in 10ms
5 timing config:load:file:/data/data/com.termux/files/usr/lib/node_modules/npm/npmrc Completed in 3ms
6 timing config:load:builtin Completed in 5ms
7 timing config:load:cli Completed in 9ms
8 timing config:load:env Completed in 1ms
9 timing config:load:file:/data/data/com.termux/files/home/server/.npmrc Completed in 0ms
10 timing config:load:project Completed in 52ms
11 timing config:load:file:/data/data/com.termux/files/home/.npmrc Completed in 8ms
12 timing config:load:user Completed in 10ms
13 timing config:load:file:/data/data/com.termux/files/usr/etc/npmrc Completed in 1ms
14 timing config:load:global Completed in 1ms
15 timing config:load:validate Completed in 3ms
16 timing config:load:credentials Completed in 7ms
17 timing config:load:setEnvs Completed in 7ms
18 timing config:load Completed in 106ms
19 timing npm:load:configload Completed in 107ms
20 timing npm:load:mkdirpcache Completed in 4ms
21 timing npm:load:mkdirplogs Completed in 2ms
22 verbose title npm i express-fileupload
23 verbose argv "i" "express-fileupload"
24 timing npm:load:setTitle Completed in 6ms
25 timing config:load:flatten Completed in 16ms
26 timing npm:load:display Completed in 26ms
27 verbose logfile logs-max:10 dir:/data/data/com.termux/files/home/.npm/_logs
28 verbose logfile /data/data/com.termux/files/home/.npm/_logs/2023-02-24T08_08_41_597Z-debug-0.log
29 timing npm:load:logFile Completed in 31ms
30 timing npm:load:timers Completed in 0ms
31 timing npm:load:configScope Completed in 0ms
32 timing npm:load Completed in 183ms
33 timing arborist:ctor Completed in 5ms
34 silly logfile start cleaning logs, removing 1 files
35 silly logfile done cleaning log files
36 timing idealTree:init Completed in 1415ms
37 timing idealTree:userRequests Completed in 15ms
38 silly idealTree buildDeps
39 silly fetch manifest express-fileupload@*
40 timing arborist:ctor Completed in 1ms
41 http fetch GET 200 https://registry.npmjs.org/express-fileupload 2401ms (cache miss)
42 silly placeDep ROOT express-fileupload@1.4.0 OK for: server@1.0.0 want: *
43 silly fetch manifest busboy@^1.6.0
44 http fetch GET 200 https://registry.npmjs.org/busboy 1102ms (cache miss)
45 timing idealTree:#root Completed in 3559ms
46 silly placeDep ROOT busboy@1.6.0 OK for: express-fileupload@1.4.0 want: ^1.6.0
47 silly fetch manifest streamsearch@^1.1.0
48 http fetch GET 200 https://registry.npmjs.org/streamsearch 1280ms (cache miss)
49 timing idealTree:node_modules/express-fileupload Completed in 1301ms
50 silly placeDep ROOT streamsearch@1.1.0 OK for: busboy@1.6.0 want: ^1.1.0
51 timing idealTree:node_modules/busboy Completed in 13ms
52 timing idealTree:node_modules/streamsearch Completed in 0ms
53 timing idealTree:buildDeps Completed in 4881ms
54 timing idealTree:fixDepFlags Completed in 29ms
55 timing idealTree Completed in 6374ms
56 timing reify:loadTrees Completed in 6380ms
57 timing reify:diffTrees Completed in 69ms
58 silly reify moves {}
59 timing reify:retireShallow Completed in 7ms
60 timing reify:createSparse Completed in 12ms
61 timing reify:loadBundles Completed in 0ms
62 silly audit bulk request {
62 silly audit   '@aws-crypto/ie11-detection': [ '2.0.2' ],
62 silly audit   tslib: [ '1.14.1', '2.4.1' ],
62 silly audit   '@aws-crypto/sha256-browser': [ '2.0.0' ],
62 silly audit   '@aws-crypto/sha256-js': [ '2.0.0' ],
62 silly audit   '@aws-crypto/supports-web-crypto': [ '2.0.2' ],
62 silly audit   '@aws-crypto/util': [ '2.0.2' ],
62 silly audit   '@aws-sdk/abort-controller': [ '3.226.0' ],
62 silly audit   '@aws-sdk/client-cognito-identity': [ '3.229.0' ],
62 silly audit   '@aws-sdk/client-sso': [ '3.229.0' ],
62 silly audit   '@aws-sdk/client-sso-oidc': [ '3.229.0' ],
62 silly audit   '@aws-sdk/client-sts': [ '3.229.0' ],
62 silly audit   '@aws-sdk/config-resolver': [ '3.226.0' ],
62 silly audit   '@aws-sdk/credential-provider-cognito-identity': [ '3.229.0' ],
62 silly audit   '@aws-sdk/credential-provider-env': [ '3.226.0' ],
62 silly audit   '@aws-sdk/credential-provider-imds': [ '3.226.0' ],
62 silly audit   '@aws-sdk/credential-provider-ini': [ '3.229.0' ],
62 silly audit   '@aws-sdk/credential-provider-node': [ '3.229.0' ],
62 silly audit   '@aws-sdk/credential-provider-process': [ '3.226.0' ],
62 silly audit   '@aws-sdk/credential-provider-sso': [ '3.229.0' ],
62 silly audit   '@aws-sdk/credential-provider-web-identity': [ '3.226.0' ],
62 silly audit   '@aws-sdk/credential-providers': [ '3.229.0' ],
62 silly audit   '@aws-sdk/fetch-http-handler': [ '3.226.0' ],
62 silly audit   '@aws-sdk/hash-node': [ '3.226.0' ],
62 silly audit   '@aws-sdk/invalid-dependency': [ '3.226.0' ],
62 silly audit   '@aws-sdk/is-array-buffer': [ '3.201.0' ],
62 silly audit   '@aws-sdk/middleware-content-length': [ '3.226.0' ],
62 silly audit   '@aws-sdk/middleware-endpoint': [ '3.226.0' ],
62 silly audit   '@aws-sdk/middleware-host-header': [ '3.226.0' ],
62 silly audit   '@aws-sdk/middleware-logger': [ '3.226.0' ],
62 silly audit   '@aws-sdk/middleware-recursion-detection': [ '3.226.0' ],
62 silly audit   '@aws-sdk/middleware-retry': [ '3.229.0' ],
62 silly audit   uuid: [ '8.3.2', '9.0.0' ],
62 silly audit   '@aws-sdk/middleware-sdk-sts': [ '3.226.0' ],
62 silly audit   '@aws-sdk/middleware-serde': [ '3.226.0' ],
62 silly audit   '@aws-sdk/middleware-signing': [ '3.226.0' ],
62 silly audit   '@aws-sdk/middleware-stack': [ '3.226.0' ],
62 silly audit   '@aws-sdk/middleware-user-agent': [ '3.226.0' ],
62 silly audit   '@aws-sdk/node-config-provider': [ '3.226.0' ],
62 silly audit   '@aws-sdk/node-http-handler': [ '3.226.0' ],
62 silly audit   '@aws-sdk/property-provider': [ '3.226.0' ],
62 silly audit   '@aws-sdk/protocol-http': [ '3.226.0' ],
62 silly audit   '@aws-sdk/querystring-builder': [ '3.226.0' ],
62 silly audit   '@aws-sdk/querystring-parser': [ '3.226.0' ],
62 silly audit   '@aws-sdk/service-error-classification': [ '3.229.0' ],
62 silly audit   '@aws-sdk/shared-ini-file-loader': [ '3.226.0' ],
62 silly audit   '@aws-sdk/signature-v4': [ '3.226.0' ],
62 silly audit   '@aws-sdk/smithy-client': [ '3.226.0' ],
62 silly audit   '@aws-sdk/token-providers': [ '3.229.0' ],
62 silly audit   '@aws-sdk/types': [ '3.226.0' ],
62 silly audit   '@aws-sdk/url-parser': [ '3.226.0' ],
62 silly audit   '@aws-sdk/util-base64': [ '3.208.0' ],
62 silly audit   '@aws-sdk/util-body-length-browser': [ '3.188.0' ],
62 silly audit   '@aws-sdk/util-body-length-node': [ '3.208.0' ],
62 silly audit   '@aws-sdk/util-buffer-from': [ '3.208.0' ],
62 silly audit   '@aws-sdk/util-config-provider': [ '3.208.0' ],
62 silly audit   '@aws-sdk/util-defaults-mode-browser': [ '3.226.0' ],
62 silly audit   '@aws-sdk/util-defaults-mode-node': [ '3.226.0' ],
62 silly audit   '@aws-sdk/util-endpoints': [ '3.226.0' ],
62 silly audit   '@aws-sdk/util-hex-encoding': [ '3.201.0' ],
62 silly audit   '@aws-sdk/util-locate-window': [ '3.208.0' ],
62 silly audit   '@aws-sdk/util-middleware': [ '3.226.0' ],
62 silly audit   '@aws-sdk/util-retry': [ '3.229.0' ],
62 silly audit   '@aws-sdk/util-uri-escape': [ '3.201.0' ],
62 silly audit   '@aws-sdk/util-user-agent-browser': [ '3.226.0' ],
62 silly audit   '@aws-sdk/util-user-agent-node': [ '3.226.0' ],
62 silly audit   '@aws-sdk/util-utf8-browser': [ '3.188.0' ],
62 silly audit   '@aws-sdk/util-utf8-node': [ '3.208.0' ],
62 silly audit   '@socket.io/component-emitter': [ '3.1.0' ],
62 silly audit   '@tootallnate/once': [ '1.1.2' ],
62 silly audit   '@types/cookie': [ '0.4.1' ],
62 silly audit   '@types/cors': [ '2.8.13' ],
62 silly audit   '@types/node': [ '18.11.14' ],
62 silly audit   '@types/webidl-conversions': [ '7.0.0' ],
62 silly audit   '@types/whatwg-url': [ '8.2.2' ],
62 silly audit   abbrev: [ '1.1.1' ],
62 silly audit   accepts: [ '1.3.8' ],
62 silly audit   acorn: [ '8.8.2' ],
62 silly audit   'acorn-walk': [ '8.2.0' ],
62 silly audit   'agent-base': [ '6.0.2' ],
62 silly audit   debug: [ '4.3.4', '2.6.9', '3.2.7' ],
62 silly audit   ms: [ '2.1.2', '2.1.3', '2.0.0' ],
62 silly audit   anymatch: [ '3.1.3' ],
62 silly audit   'array-flatten': [ '1.1.1' ],
62 silly audit   'ast-types': [ '0.13.4' ],
62 silly audit   'balanced-match': [ '1.0.2' ],
62 silly audit   'base64-js': [ '1.5.1' ],
62 silly audit   base64id: [ '2.0.0' ],
62 silly audit   bcryptjs: [ '2.4.3' ],
62 silly audit   'binary-extensions': [ '2.2.0' ],
62 silly audit   'body-parser': [ '1.20.1' ],
62 silly audit   bowser: [ '2.11.0' ],
62 silly audit   'brace-expansion': [ '1.1.11' ],
62 silly audit   braces: [ '3.0.2' ],
62 silly audit   bson: [ '4.7.0' ],
62 silly audit   buffer: [ '5.7.1' ],
62 silly audit   'buffer-equal-constant-time': [ '1.0.1' ],
62 silly audit   bytes: [ '3.1.2' ],
62 silly audit   'call-bind': [ '1.0.2' ],
62 silly audit   chokidar: [ '3.5.3' ],
62 silly audit   cloudinary: [ '1.34.0' ],
62 silly audit   'cloudinary-core': [ '2.13.0' ],
62 silly audit   'concat-map': [ '0.0.1' ],
62 silly audit   'content-disposition': [ '0.5.4' ],
62 silly audit   'content-type': [ '1.0.4' ],
62 silly audit   cookie: [ '0.5.0', '0.4.2' ],
62 silly audit   'cookie-signature': [ '1.0.6' ],
62 silly audit   'core-js': [ '3.28.0' ],
62 silly audit   'core-util-is': [ '1.0.3' ],
62 silly audit   cors: [ '2.8.5' ],
62 silly audit   'data-uri-to-buffer': [ '3.0.1' ],
62 silly audit   'deep-is': [ '0.1.4' ],
62 silly audit   degenerator: [ '3.0.2' ],
62 silly audit   depd: [ '2.0.0' ],
62 silly audit   destroy: [ '1.2.0' ],
62 silly audit   dotenv: [ '16.0.3' ],
62 silly audit   'ecdsa-sig-formatter': [ '1.0.11' ],
62 silly audit   'ee-first': [ '1.1.1' ],
62 silly audit   encodeurl: [ '1.0.2' ],
62 silly audit   'engine.io': [ '6.2.1' ],
62 silly audit   'engine.io-parser': [ '5.0.4' ],
62 silly audit   'escape-html': [ '1.0.3' ],
62 silly audit   escodegen: [ '1.14.3' ],
62 silly audit   esprima: [ '4.0.1' ],
62 silly audit   estraverse: [ '4.3.0' ],
62 silly audit   esutils: [ '2.0.3' ],
62 silly audit   etag: [ '1.8.1' ],
62 silly audit   express: [ '4.18.2' ],
62 silly audit   'fast-levenshtein': [ '2.0.6' ],
62 silly audit   'fast-xml-parser': [ '4.0.11' ],
62 silly audit   'file-uri-to-path': [ '2.0.0' ],
62 silly audit   'fill-range': [ '7.0.1' ],
62 silly audit   finalhandler: [ '1.2.0' ],
62 silly audit   forwarded: [ '0.2.0' ],
62 silly audit   fresh: [ '0.5.2' ],
62 silly audit   'fs-extra': [ '8.1.0' ],
62 silly audit   fsevents: [ '2.3.2' ],
62 silly audit   ftp: [ '0.3.10' ],
62 silly audit   'function-bind': [ '1.1.1' ],
62 silly audit   'get-intrinsic': [ '1.1.3' ],
62 silly audit   'get-uri': [ '3.0.2' ],
62 silly audit   'glob-parent': [ '5.1.2' ],
62 silly audit   'graceful-fs': [ '4.2.10' ],
62 silly audit   has: [ '1.0.3' ],
62 silly audit   'has-flag': [ '3.0.0' ],
62 silly audit   'has-symbols': [ '1.0.3' ],
62 silly audit   'http-errors': [ '2.0.0' ],
62 silly audit   'http-proxy-agent': [ '4.0.1' ],
62 silly audit   'https-proxy-agent': [ '5.0.1' ],
62 silly audit   'iconv-lite': [ '0.4.24' ],
62 silly audit   ieee754: [ '1.2.1' ],
62 silly audit   'ignore-by-default': [ '1.0.1' ],
62 silly audit   inherits: [ '2.0.4' ],
62 silly audit   ip: [ '2.0.0', '1.1.8' ],
62 silly audit   'ipaddr.js': [ '1.9.1' ],
62 silly audit   'is-binary-path': [ '2.1.0' ],
62 silly audit   'is-extglob': [ '2.1.1' ],
62 silly audit   'is-glob': [ '4.0.3' ],
62 silly audit   'is-number': [ '7.0.0' ],
62 silly audit   isarray: [ '0.0.1' ],
62 silly audit   jsonfile: [ '4.0.0' ],
62 silly audit   jsonwebtoken: [ '9.0.0' ],
62 silly audit   semver: [ '7.3.8', '5.7.1', '7.0.0' ],
62 silly audit   jwa: [ '1.4.1' ],
62 silly audit   jws: [ '3.2.2' ],
62 silly audit   kareem: [ '2.5.0' ],
62 silly audit   levn: [ '0.3.0' ],
62 silly audit   lodash: [ '4.17.21' ],
62 silly audit   'lru-cache': [ '6.0.0', '5.1.1' ],
62 silly audit   'media-typer': [ '0.3.0' ],
62 silly audit   'memory-pager': [ '1.5.0' ],
62 silly audit   'merge-descriptors': [ '1.0.1' ],
62 silly audit   methods: [ '1.1.2' ],
62 silly audit   mime: [ '1.6.0' ],
62 silly audit   'mime-db': [ '1.52.0' ],
62 silly audit   'mime-types': [ '2.1.35' ],
62 silly audit   minimatch: [ '3.1.2' ],
62 silly audit   mongodb: [ '4.12.1' ],
62 silly audit   'mongodb-connection-string-url': [ '2.6.0' ],
62 silly audit   mongoose: [ '6.8.0' ],
62 silly audit   mpath: [ '0.9.0' ],
62 silly audit   mquery: [ '4.0.3' ],
62 silly audit   negotiator: [ '0.6.3' ],
62 silly audit   netmask: [ '2.0.2' ],
62 silly audit   nodemon: [ '2.0.20' ],
62 silly audit   nopt: [ '1.0.10' ],
62 silly audit   'normalize-path': [ '3.0.0' ],
62 silly audit   'object-assign': [ '4.1.1' ],
62 silly audit   'object-inspect': [ '1.12.2' ],
62 silly audit   'on-finished': [ '2.4.1' ],
62 silly audit   optionator: [ '0.8.3' ],
62 silly audit   'pac-proxy-agent': [ '5.0.0' ],
62 silly audit   'pac-resolver': [ '5.0.1' ],
62 silly audit   parseurl: [ '1.3.3' ],
62 silly audit   'path-to-regexp': [ '0.1.7' ],
62 silly audit   picomatch: [ '2.3.1' ],
62 silly audit   'prelude-ls': [ '1.1.2' ],
62 silly audit   'proxy-addr': [ '2.0.7' ],
62 silly audit   'proxy-agent': [ '5.0.0' ],
62 silly audit   yallist: [ '3.1.1', '4.0.0' ],
62 silly audit   'proxy-from-env': [ '1.1.0' ],
62 silly audit   'pstree.remy': [ '1.1.8' ],
62 silly audit   punycode: [ '2.1.1' ],
62 silly audit   python: [ '0.0.4' ],
62 silly audit   q: [ '1.5.1' ],
62 silly audit   qs: [ '6.11.0' ],
62 silly audit   'range-parser': [ '1.2.1' ],
62 silly audit   'raw-body': [ '2.5.1' ],
62 silly audit   'readable-stream': [ '1.1.14' ],
62 silly audit   readdirp: [ '3.6.0' ],
62 silly audit   'safe-buffer': [ '5.2.1' ],
62 silly audit   'safer-buffer': [ '2.1.2' ],
62 silly audit   saslprep: [ '1.0.3' ],
62 silly audit   send: [ '0.18.0' ],
62 silly audit   'serve-static': [ '1.15.0' ],
62 silly audit   setprototypeof: [ '1.2.0' ],
62 silly audit   'side-channel': [ '1.0.4' ],
62 silly audit   sift: [ '16.0.1' ],
62 silly audit   'simple-update-notifier': [ '1.1.0' ],
62 silly audit   'smart-buffer': [ '4.2.0' ],
62 silly audit   'socket.io': [ '4.5.4' ],
62 silly audit   'socket.io-adapter': [ '2.4.0' ],
62 silly audit   'socket.io-parser': [ '4.2.1' ],
62 silly audit   socks: [ '2.7.1' ],
62 silly audit   'socks-proxy-agent': [ '5.0.1' ],
62 silly audit   'source-map': [ '0.6.1' ],
62 silly audit   'sparse-bitfield': [ '3.0.3' ],
62 silly audit   statuses: [ '2.0.1' ],
62 silly audit   string_decoder: [ '0.10.31' ],
62 silly audit   strnum: [ '1.0.5' ],
62 silly audit   'supports-color': [ '5.5.0' ],
62 silly audit   'to-regex-range': [ '5.0.1' ],
62 silly audit   toidentifier: [ '1.0.1' ],
62 silly audit   touch: [ '3.1.0' ],
62 silly audit   tr46: [ '3.0.0' ],
62 silly audit   'type-check': [ '0.3.2' ],
62 silly audit   'type-is': [ '1.6.18' ],
62 silly audit   undefsafe: [ '2.0.5' ],
62 silly audit   universalify: [ '0.1.2' ],
62 silly audit   unpipe: [ '1.0.0' ],
62 silly audit   'utils-merge': [ '1.0.1' ],
62 silly audit   vary: [ '1.1.2' ],
62 silly audit   vm2: [ '3.9.14' ],
62 silly audit   'webidl-conversions': [ '7.0.0' ],
62 silly audit   'whatwg-url': [ '11.0.0' ],
62 silly audit   'word-wrap': [ '1.2.3' ],
62 silly audit   ws: [ '8.2.3' ],
62 silly audit   xregexp: [ '2.0.0' ],
62 silly audit   'express-fileupload': [ '1.4.0' ],
62 silly audit   busboy: [ '1.6.0' ],
62 silly audit   streamsearch: [ '1.1.0' ]
62 silly audit }
63 verbose reify failed optional dependency /data/data/com.termux/files/home/server/node_modules/fsevents
64 silly reify mark deleted [ '/data/data/com.termux/files/home/server/node_modules/fsevents' ]
65 timing reifyNode:node_modules/fsevents Completed in 27ms
66 silly tarball no local data for streamsearch@https://registry.npmjs.org/streamsearch/-/streamsearch-1.1.0.tgz. Extracting by manifest.
67 silly tarball no local data for busboy@https://registry.npmjs.org/busboy/-/busboy-1.6.0.tgz. Extracting by manifest.
68 silly tarball no local data for express-fileupload@https://registry.npmjs.org/express-fileupload/-/express-fileupload-1.4.0.tgz. Extracting by manifest.
69 http fetch GET 200 https://registry.npmjs.org/streamsearch/-/streamsearch-1.1.0.tgz 482ms (cache miss)
70 timing reifyNode:node_modules/streamsearch Completed in 559ms
71 http fetch GET 200 https://registry.npmjs.org/busboy/-/busboy-1.6.0.tgz 577ms (cache miss)
72 timing reifyNode:node_modules/busboy Completed in 662ms
73 http fetch GET 200 https://registry.npmjs.org/express-fileupload/-/express-fileupload-1.4.0.tgz 761ms (cache miss)
74 timing reifyNode:node_modules/express-fileupload Completed in 859ms
75 timing reify:unpack Completed in 863ms
76 timing reify:unretire Completed in 0ms
77 timing build:queue Completed in 3ms
78 timing build:deps Completed in 6ms
79 timing build Completed in 6ms
80 timing reify:build Completed in 9ms
81 timing reify:trash Completed in 10ms
82 timing reify:save Completed in 547ms
83 http fetch POST 200 https://registry.npmjs.org/-/npm/v1/security/advisories/bulk 3823ms
84 timing auditReport:getReport Completed in 3864ms
85 silly audit report {}
86 timing auditReport:init Completed in 0ms
87 timing reify:audit Completed in 3870ms
88 timing reify Completed in 10411ms
89 silly ADD node_modules/streamsearch
90 silly ADD node_modules/busboy
91 silly ADD node_modules/express-fileupload
92 silly ADD
93 timing command:i Completed in 10464ms
94 verbose exit 0
95 timing npm Completed in 11280ms
96 info ok
