0 verbose cli /data/data/com.termux/files/usr/bin/node /data/data/com.termux/files/usr/bin/npm
1 info using npm@8.19.2
2 info using node@v18.12.1
3 timing npm:load:whichnode Completed in 1ms
4 timing config:load:defaults Completed in 10ms
5 timing config:load:file:/data/data/com.termux/files/usr/lib/node_modules/npm/npmrc Completed in 33ms
6 timing config:load:builtin Completed in 35ms
7 timing config:load:cli Completed in 9ms
8 timing config:load:env Completed in 1ms
9 timing config:load:file:/data/data/com.termux/files/home/server/.npmrc Completed in 0ms
10 timing config:load:project Completed in 58ms
11 timing config:load:file:/data/data/com.termux/files/home/.npmrc Completed in 6ms
12 timing config:load:user Completed in 7ms
13 timing config:load:file:/data/data/com.termux/files/usr/etc/npmrc Completed in 1ms
14 timing config:load:global Completed in 1ms
15 timing config:load:validate Completed in 3ms
16 timing config:load:credentials Completed in 7ms
17 timing config:load:setEnvs Completed in 5ms
18 timing config:load Completed in 140ms
19 timing npm:load:configload Completed in 141ms
20 timing npm:load:mkdirpcache Completed in 5ms
21 timing npm:load:mkdirplogs Completed in 2ms
22 verbose title npm run dev
23 verbose argv "run" "dev"
24 timing npm:load:setTitle Completed in 7ms
25 timing config:load:flatten Completed in 16ms
26 timing npm:load:display Completed in 26ms
27 verbose logfile logs-max:10 dir:/data/data/com.termux/files/home/.npm/_logs
28 verbose logfile /data/data/com.termux/files/home/.npm/_logs/2023-02-24T08_03_01_343Z-debug-0.log
29 timing npm:load:logFile Completed in 31ms
30 timing npm:load:timers Completed in 0ms
31 timing npm:load:configScope Completed in 0ms
32 timing npm:load Completed in 218ms
33 silly logfile start cleaning logs, removing 1 files
34 silly logfile done cleaning log files
35 timing command:run Completed in 37ms
36 verbose stack Error: Missing script: "dev"
36 verbose stack
36 verbose stack To see a list of scripts, run:
36 verbose stack   npm run
36 verbose stack     at RunScript.run (/data/data/com.termux/files/usr/lib/node_modules/npm/lib/commands/run-script.js:98:13)
36 verbose stack     at async module.exports (/data/data/com.termux/files/usr/lib/node_modules/npm/lib/cli.js:78:5)
37 verbose cwd /data/data/com.termux/files/home/server
38 verbose Linux 3.18.14-14381225-QB33002661
39 verbose node v18.12.1
40 verbose npm  v8.19.2
41 error Missing script: "dev"
41 error
41 error To see a list of scripts, run:
41 error   npm run
42 verbose exit 1
43 timing npm Completed in 330ms
44 verbose code 1
45 error A complete log of this run can be found in:
45 error     /data/data/com.termux/files/home/.npm/_logs/2023-02-24T08_03_01_343Z-debug-0.log
