0 verbose cli /data/data/com.termux/files/usr/bin/node /data/data/com.termux/files/usr/bin/npm
1 info using npm@8.19.2
2 info using node@v18.12.1
3 timing npm:load:whichnode Completed in 1ms
4 timing config:load:defaults Completed in 11ms
5 timing config:load:file:/data/data/com.termux/files/usr/lib/node_modules/npm/npmrc Completed in 4ms
6 timing config:load:builtin Completed in 5ms
7 timing config:load:cli Completed in 9ms
8 timing config:load:env Completed in 1ms
9 timing config:load:file:/data/data/com.termux/files/home/server/.npmrc Completed in 0ms
10 timing config:load:project Completed in 55ms
11 timing config:load:file:/data/data/com.termux/files/home/.npmrc Completed in 6ms
12 timing config:load:user Completed in 7ms
13 timing config:load:file:/data/data/com.termux/files/usr/etc/npmrc Completed in 0ms
14 timing config:load:global Completed in 2ms
15 timing config:load:validate Completed in 2ms
16 timing config:load:credentials Completed in 5ms
17 timing config:load:setEnvs Completed in 5ms
18 timing config:load Completed in 104ms
19 timing npm:load:configload Completed in 105ms
20 timing npm:load:mkdirpcache Completed in 5ms
21 timing npm:load:mkdirplogs Completed in 2ms
22 verbose title npm install uuid
23 verbose argv "install" "uuid"
24 timing npm:load:setTitle Completed in 7ms
25 timing config:load:flatten Completed in 18ms
26 timing npm:load:display Completed in 29ms
27 verbose logfile logs-max:10 dir:/data/data/com.termux/files/home/.npm/_logs
28 verbose logfile /data/data/com.termux/files/home/.npm/_logs/2023-02-24T05_32_16_981Z-debug-0.log
29 timing npm:load:logFile Completed in 31ms
30 timing npm:load:timers Completed in 0ms
31 timing npm:load:configScope Completed in 1ms
32 timing npm:load Completed in 184ms
33 timing arborist:ctor Completed in 5ms
34 silly logfile start cleaning logs, removing 1 files
35 silly logfile done cleaning log files
36 timing idealTree:init Completed in 1199ms
37 timing idealTree:userRequests Completed in 14ms
38 silly idealTree buildDeps
39 silly fetch manifest uuid@*
40 timing arborist:ctor Completed in 0ms
41 http fetch GET 200 https://registry.npmjs.org/uuid 8404ms (cache updated)
42 silly placeDep ROOT uuid@9.0.0 REPLACE for: server@1.0.0 want: *
43 timing idealTree:#root Completed in 8458ms
44 silly fetch manifest uuid@^8.3.2
45 silly placeDep node_modules/@aws-sdk/middleware-retry uuid@8.3.2 OK for: @aws-sdk/middleware-retry@3.229.0 want: ^8.3.2
46 timing idealTree:node_modules/@aws-sdk/middleware-retry Completed in 17ms
47 timing idealTree:node_modules/uuid Completed in 0ms
48 timing idealTree:node_modules/@aws-sdk/middleware-retry/node_modules/uuid Completed in 0ms
49 timing idealTree:buildDeps Completed in 8483ms
50 timing idealTree:fixDepFlags Completed in 16ms
51 timing idealTree Completed in 9736ms
52 timing reify:loadTrees Completed in 9742ms
53 timing reify:diffTrees Completed in 49ms
54 silly reify mark retired [
54 silly reify   '/data/data/com.termux/files/home/server/node_modules/uuid',
54 silly reify   '/data/data/com.termux/files/home/server/node_modules/.bin/uuid'
54 silly reify ]
55 silly reify moves {
55 silly reify   '/data/data/com.termux/files/home/server/node_modules/uuid': '/data/data/com.termux/files/home/server/node_modules/.uuid-Sm1fIM6X',
55 silly reify   '/data/data/com.termux/files/home/server/node_modules/.bin/uuid': '/data/data/com.termux/files/home/server/node_modules/.bin/.uuid-DgsVKaxi'
55 silly reify }
56 timing reify:retireShallow Completed in 26ms
57 timing reify:createSparse Completed in 9ms
58 timing reify:loadBundles Completed in 0ms
59 silly audit bulk request {
59 silly audit   '@aws-crypto/ie11-detection': [ '2.0.2' ],
59 silly audit   tslib: [ '1.14.1', '2.4.1' ],
59 silly audit   '@aws-crypto/sha256-browser': [ '2.0.0' ],
59 silly audit   '@aws-crypto/sha256-js': [ '2.0.0' ],
59 silly audit   '@aws-crypto/supports-web-crypto': [ '2.0.2' ],
59 silly audit   '@aws-crypto/util': [ '2.0.2' ],
59 silly audit   '@aws-sdk/abort-controller': [ '3.226.0' ],
59 silly audit   '@aws-sdk/client-cognito-identity': [ '3.229.0' ],
59 silly audit   '@aws-sdk/client-sso': [ '3.229.0' ],
59 silly audit   '@aws-sdk/client-sso-oidc': [ '3.229.0' ],
59 silly audit   '@aws-sdk/client-sts': [ '3.229.0' ],
59 silly audit   '@aws-sdk/config-resolver': [ '3.226.0' ],
59 silly audit   '@aws-sdk/credential-provider-cognito-identity': [ '3.229.0' ],
59 silly audit   '@aws-sdk/credential-provider-env': [ '3.226.0' ],
59 silly audit   '@aws-sdk/credential-provider-imds': [ '3.226.0' ],
59 silly audit   '@aws-sdk/credential-provider-ini': [ '3.229.0' ],
59 silly audit   '@aws-sdk/credential-provider-node': [ '3.229.0' ],
59 silly audit   '@aws-sdk/credential-provider-process': [ '3.226.0' ],
59 silly audit   '@aws-sdk/credential-provider-sso': [ '3.229.0' ],
59 silly audit   '@aws-sdk/credential-provider-web-identity': [ '3.226.0' ],
59 silly audit   '@aws-sdk/credential-providers': [ '3.229.0' ],
59 silly audit   '@aws-sdk/fetch-http-handler': [ '3.226.0' ],
59 silly audit   '@aws-sdk/hash-node': [ '3.226.0' ],
59 silly audit   '@aws-sdk/invalid-dependency': [ '3.226.0' ],
59 silly audit   '@aws-sdk/is-array-buffer': [ '3.201.0' ],
59 silly audit   '@aws-sdk/middleware-content-length': [ '3.226.0' ],
59 silly audit   '@aws-sdk/middleware-endpoint': [ '3.226.0' ],
59 silly audit   '@aws-sdk/middleware-host-header': [ '3.226.0' ],
59 silly audit   '@aws-sdk/middleware-logger': [ '3.226.0' ],
59 silly audit   '@aws-sdk/middleware-recursion-detection': [ '3.226.0' ],
59 silly audit   '@aws-sdk/middleware-retry': [ '3.229.0' ],
59 silly audit   '@aws-sdk/middleware-sdk-sts': [ '3.226.0' ],
59 silly audit   '@aws-sdk/middleware-serde': [ '3.226.0' ],
59 silly audit   '@aws-sdk/middleware-signing': [ '3.226.0' ],
59 silly audit   '@aws-sdk/middleware-stack': [ '3.226.0' ],
59 silly audit   '@aws-sdk/middleware-user-agent': [ '3.226.0' ],
59 silly audit   '@aws-sdk/node-config-provider': [ '3.226.0' ],
59 silly audit   '@aws-sdk/node-http-handler': [ '3.226.0' ],
59 silly audit   '@aws-sdk/property-provider': [ '3.226.0' ],
59 silly audit   '@aws-sdk/protocol-http': [ '3.226.0' ],
59 silly audit   '@aws-sdk/querystring-builder': [ '3.226.0' ],
59 silly audit   '@aws-sdk/querystring-parser': [ '3.226.0' ],
59 silly audit   '@aws-sdk/service-error-classification': [ '3.229.0' ],
59 silly audit   '@aws-sdk/shared-ini-file-loader': [ '3.226.0' ],
59 silly audit   '@aws-sdk/signature-v4': [ '3.226.0' ],
59 silly audit   '@aws-sdk/smithy-client': [ '3.226.0' ],
59 silly audit   '@aws-sdk/token-providers': [ '3.229.0' ],
59 silly audit   '@aws-sdk/types': [ '3.226.0' ],
59 silly audit   '@aws-sdk/url-parser': [ '3.226.0' ],
59 silly audit   '@aws-sdk/util-base64': [ '3.208.0' ],
59 silly audit   '@aws-sdk/util-body-length-browser': [ '3.188.0' ],
59 silly audit   '@aws-sdk/util-body-length-node': [ '3.208.0' ],
59 silly audit   '@aws-sdk/util-buffer-from': [ '3.208.0' ],
59 silly audit   '@aws-sdk/util-config-provider': [ '3.208.0' ],
59 silly audit   '@aws-sdk/util-defaults-mode-browser': [ '3.226.0' ],
59 silly audit   '@aws-sdk/util-defaults-mode-node': [ '3.226.0' ],
59 silly audit   '@aws-sdk/util-endpoints': [ '3.226.0' ],
59 silly audit   '@aws-sdk/util-hex-encoding': [ '3.201.0' ],
59 silly audit   '@aws-sdk/util-locate-window': [ '3.208.0' ],
59 silly audit   '@aws-sdk/util-middleware': [ '3.226.0' ],
59 silly audit   '@aws-sdk/util-retry': [ '3.229.0' ],
59 silly audit   '@aws-sdk/util-uri-escape': [ '3.201.0' ],
59 silly audit   '@aws-sdk/util-user-agent-browser': [ '3.226.0' ],
59 silly audit   '@aws-sdk/util-user-agent-node': [ '3.226.0' ],
59 silly audit   '@aws-sdk/util-utf8-browser': [ '3.188.0' ],
59 silly audit   '@aws-sdk/util-utf8-node': [ '3.208.0' ],
59 silly audit   '@socket.io/component-emitter': [ '3.1.0' ],
59 silly audit   '@types/cookie': [ '0.4.1' ],
59 silly audit   '@types/cors': [ '2.8.13' ],
59 silly audit   '@types/node': [ '18.11.14' ],
59 silly audit   '@types/webidl-conversions': [ '7.0.0' ],
59 silly audit   '@types/whatwg-url': [ '8.2.2' ],
59 silly audit   abbrev: [ '1.1.1' ],
59 silly audit   accepts: [ '1.3.8' ],
59 silly audit   anymatch: [ '3.1.3' ],
59 silly audit   'array-flatten': [ '1.1.1' ],
59 silly audit   'balanced-match': [ '1.0.2' ],
59 silly audit   'base64-js': [ '1.5.1' ],
59 silly audit   base64id: [ '2.0.0' ],
59 silly audit   bcryptjs: [ '2.4.3' ],
59 silly audit   'binary-extensions': [ '2.2.0' ],
59 silly audit   'body-parser': [ '1.20.1' ],
59 silly audit   bowser: [ '2.11.0' ],
59 silly audit   'brace-expansion': [ '1.1.11' ],
59 silly audit   braces: [ '3.0.2' ],
59 silly audit   bson: [ '4.7.0' ],
59 silly audit   buffer: [ '5.7.1' ],
59 silly audit   'buffer-equal-constant-time': [ '1.0.1' ],
59 silly audit   bytes: [ '3.1.2' ],
59 silly audit   'call-bind': [ '1.0.2' ],
59 silly audit   chokidar: [ '3.5.3' ],
59 silly audit   'concat-map': [ '0.0.1' ],
59 silly audit   'content-disposition': [ '0.5.4' ],
59 silly audit   'content-type': [ '1.0.4' ],
59 silly audit   cookie: [ '0.5.0', '0.4.2' ],
59 silly audit   'cookie-signature': [ '1.0.6' ],
59 silly audit   cors: [ '2.8.5' ],
59 silly audit   debug: [ '2.6.9', '4.3.4', '3.2.7' ],
59 silly audit   depd: [ '2.0.0' ],
59 silly audit   destroy: [ '1.2.0' ],
59 silly audit   dotenv: [ '16.0.3' ],
59 silly audit   'ecdsa-sig-formatter': [ '1.0.11' ],
59 silly audit   'ee-first': [ '1.1.1' ],
59 silly audit   encodeurl: [ '1.0.2' ],
59 silly audit   'engine.io': [ '6.2.1' ],
59 silly audit   'engine.io-parser': [ '5.0.4' ],
59 silly audit   ms: [ '2.1.2', '2.1.3', '2.0.0' ],
59 silly audit   'escape-html': [ '1.0.3' ],
59 silly audit   etag: [ '1.8.1' ],
59 silly audit   express: [ '4.18.2' ],
59 silly audit   'fast-xml-parser': [ '4.0.11' ],
59 silly audit   'fill-range': [ '7.0.1' ],
59 silly audit   finalhandler: [ '1.2.0' ],
59 silly audit   forwarded: [ '0.2.0' ],
59 silly audit   fresh: [ '0.5.2' ],
59 silly audit   fsevents: [ '2.3.2' ],
59 silly audit   'function-bind': [ '1.1.1' ],
59 silly audit   'get-intrinsic': [ '1.1.3' ],
59 silly audit   'glob-parent': [ '5.1.2' ],
59 silly audit   has: [ '1.0.3' ],
59 silly audit   'has-flag': [ '3.0.0' ],
59 silly audit   'has-symbols': [ '1.0.3' ],
59 silly audit   'http-errors': [ '2.0.0' ],
59 silly audit   'iconv-lite': [ '0.4.24' ],
59 silly audit   ieee754: [ '1.2.1' ],
59 silly audit   'ignore-by-default': [ '1.0.1' ],
59 silly audit   inherits: [ '2.0.4' ],
59 silly audit   ip: [ '2.0.0' ],
59 silly audit   'ipaddr.js': [ '1.9.1' ],
59 silly audit   'is-binary-path': [ '2.1.0' ],
59 silly audit   'is-extglob': [ '2.1.1' ],
59 silly audit   'is-glob': [ '4.0.3' ],
59 silly audit   'is-number': [ '7.0.0' ],
59 silly audit   jsonwebtoken: [ '9.0.0' ],
59 silly audit   semver: [ '7.3.8', '5.7.1', '7.0.0' ],
59 silly audit   jwa: [ '1.4.1' ],
59 silly audit   jws: [ '3.2.2' ],
59 silly audit   kareem: [ '2.5.0' ],
59 silly audit   lodash: [ '4.17.21' ],
59 silly audit   'lru-cache': [ '6.0.0' ],
59 silly audit   'media-typer': [ '0.3.0' ],
59 silly audit   'memory-pager': [ '1.5.0' ],
59 silly audit   'merge-descriptors': [ '1.0.1' ],
59 silly audit   methods: [ '1.1.2' ],
59 silly audit   mime: [ '1.6.0' ],
59 silly audit   'mime-db': [ '1.52.0' ],
59 silly audit   'mime-types': [ '2.1.35' ],
59 silly audit   minimatch: [ '3.1.2' ],
59 silly audit   mongodb: [ '4.12.1' ],
59 silly audit   'mongodb-connection-string-url': [ '2.6.0' ],
59 silly audit   mongoose: [ '6.8.0' ],
59 silly audit   mpath: [ '0.9.0' ],
59 silly audit   mquery: [ '4.0.3' ],
59 silly audit   negotiator: [ '0.6.3' ],
59 silly audit   nodemon: [ '2.0.20' ],
59 silly audit   nopt: [ '1.0.10' ],
59 silly audit   'normalize-path': [ '3.0.0' ],
59 silly audit   'object-assign': [ '4.1.1' ],
59 silly audit   'object-inspect': [ '1.12.2' ],
59 silly audit   'on-finished': [ '2.4.1' ],
59 silly audit   parseurl: [ '1.3.3' ],
59 silly audit   'path-to-regexp': [ '0.1.7' ],
59 silly audit   picomatch: [ '2.3.1' ],
59 silly audit   'proxy-addr': [ '2.0.7' ],
59 silly audit   'pstree.remy': [ '1.1.8' ],
59 silly audit   punycode: [ '2.1.1' ],
59 silly audit   python: [ '0.0.4' ],
59 silly audit   qs: [ '6.11.0' ],
59 silly audit   'range-parser': [ '1.2.1' ],
59 silly audit   'raw-body': [ '2.5.1' ],
59 silly audit   readdirp: [ '3.6.0' ],
59 silly audit   'safe-buffer': [ '5.2.1' ],
59 silly audit   'safer-buffer': [ '2.1.2' ],
59 silly audit   saslprep: [ '1.0.3' ],
59 silly audit   send: [ '0.18.0' ],
59 silly audit   'serve-static': [ '1.15.0' ],
59 silly audit   setprototypeof: [ '1.2.0' ],
59 silly audit   'side-channel': [ '1.0.4' ],
59 silly audit   sift: [ '16.0.1' ],
59 silly audit   'simple-update-notifier': [ '1.1.0' ],
59 silly audit   'smart-buffer': [ '4.2.0' ],
59 silly audit   'socket.io': [ '4.5.4' ],
59 silly audit   'socket.io-adapter': [ '2.4.0' ],
59 silly audit   'socket.io-parser': [ '4.2.1' ],
59 silly audit   socks: [ '2.7.1' ],
59 silly audit   'sparse-bitfield': [ '3.0.3' ],
59 silly audit   statuses: [ '2.0.1' ],
59 silly audit   strnum: [ '1.0.5' ],
59 silly audit   'supports-color': [ '5.5.0' ],
59 silly audit   'to-regex-range': [ '5.0.1' ],
59 silly audit   toidentifier: [ '1.0.1' ],
59 silly audit   touch: [ '3.1.0' ],
59 silly audit   tr46: [ '3.0.0' ],
59 silly audit   'type-is': [ '1.6.18' ],
59 silly audit   undefsafe: [ '2.0.5' ],
59 silly audit   unpipe: [ '1.0.0' ],
59 silly audit   'utils-merge': [ '1.0.1' ],
59 silly audit   vary: [ '1.1.2' ],
59 silly audit   'webidl-conversions': [ '7.0.0' ],
59 silly audit   'whatwg-url': [ '11.0.0' ],
59 silly audit   ws: [ '8.2.3' ],
59 silly audit   yallist: [ '4.0.0' ],
59 silly audit   uuid: [ '9.0.0', '8.3.2' ]
59 silly audit }
60 verbose reify failed optional dependency /data/data/com.termux/files/home/server/node_modules/fsevents
61 silly reify mark deleted [ '/data/data/com.termux/files/home/server/node_modules/fsevents' ]
62 timing reifyNode:node_modules/fsevents Completed in 25ms
63 silly tarball no local data for uuid@https://registry.npmjs.org/uuid/-/uuid-9.0.0.tgz. Extracting by manifest.
64 timing reifyNode:node_modules/@aws-sdk/middleware-retry/node_modules/uuid Completed in 291ms
65 http fetch POST 200 https://registry.npmjs.org/-/npm/v1/security/advisories/bulk 657ms
66 timing auditReport:getReport Completed in 686ms
67 silly audit report {}
68 timing auditReport:init Completed in 0ms
69 timing reify:audit Completed in 692ms
70 http fetch GET 200 https://registry.npmjs.org/uuid/-/uuid-9.0.0.tgz 898ms (cache miss)
71 timing reifyNode:node_modules/uuid Completed in 961ms
72 timing reify:unpack Completed in 965ms
73 timing reify:unretire Completed in 2ms
74 timing build:queue Completed in 15ms
75 timing build:link:node_modules/uuid Completed in 15ms
76 timing build:link:node_modules/@aws-sdk/middleware-retry/node_modules/uuid Completed in 11ms
77 timing build:link Completed in 16ms
78 timing build:deps Completed in 35ms
79 timing build Completed in 36ms
80 timing reify:build Completed in 40ms
81 timing reify:trash Completed in 59ms
82 timing reify:save Completed in 508ms
83 timing reify Completed in 11778ms
84 silly ADD
85 silly CHANGE node_modules/uuid
86 silly ADD node_modules/@aws-sdk/middleware-retry/node_modules/uuid
87 timing command:install Completed in 11827ms
88 verbose exit 0
89 timing npm Completed in 12661ms
90 info ok
