0 verbose cli /data/data/com.termux/files/usr/bin/node /data/data/com.termux/files/usr/bin/npm
1 info using npm@8.19.2
2 info using node@v18.12.1
3 timing npm:load:whichnode Completed in 1ms
4 timing config:load:defaults Completed in 10ms
5 timing config:load:file:/data/data/com.termux/files/usr/lib/node_modules/npm/npmrc Completed in 3ms
6 timing config:load:builtin Completed in 5ms
7 timing config:load:cli Completed in 9ms
8 timing config:load:env Completed in 2ms
9 timing config:load:file:/data/data/com.termux/files/home/my-app/.npmrc Completed in 2ms
10 timing config:load:project Completed in 51ms
11 timing config:load:file:/data/data/com.termux/files/home/.npmrc Completed in 27ms
12 timing config:load:user Completed in 29ms
13 timing config:load:file:/data/data/com.termux/files/usr/etc/npmrc Completed in 1ms
14 timing config:load:global Completed in 2ms
15 timing config:load:validate Completed in 4ms
16 timing config:load:credentials Completed in 6ms
17 timing config:load:setEnvs Completed in 6ms
18 timing config:load Completed in 127ms
19 timing npm:load:configload Completed in 127ms
20 timing npm:load:mkdirpcache Completed in 7ms
21 timing npm:load:mkdirplogs Completed in 2ms
22 verbose title npm i react-toastify
23 verbose argv "i" "react-toastify"
24 timing npm:load:setTitle Completed in 8ms
25 timing config:load:flatten Completed in 20ms
26 timing npm:load:display Completed in 31ms
27 verbose logfile logs-max:10 dir:/data/data/com.termux/files/home/.npm/_logs
28 verbose logfile /data/data/com.termux/files/home/.npm/_logs/2023-02-26T13_10_05_014Z-debug-0.log
29 timing npm:load:logFile Completed in 33ms
30 timing npm:load:timers Completed in 1ms
31 timing npm:load:configScope Completed in 0ms
32 timing npm:load Completed in 215ms
33 timing arborist:ctor Completed in 5ms
34 silly logfile start cleaning logs, removing 1 files
35 silly logfile done cleaning log files
36 timing idealTree:init Completed in 1001ms
37 timing idealTree:userRequests Completed in 27ms
38 silly idealTree buildDeps
39 silly fetch manifest react-toastify@*
40 timing arborist:ctor Completed in 1ms
41 http fetch GET 200 https://registry.npmjs.org/react-toastify 2293ms (cache miss)
42 silly fetch manifest react@^18.2.0
43 http fetch GET 200 https://registry.npmjs.org/react 632ms (cache updated)
44 silly fetch manifest react-dom@^18.2.0
45 http fetch GET 200 https://registry.npmjs.org/react-dom 659ms (cache updated)
46 silly placeDep ROOT react-toastify@9.1.1 OK for: my-app@0.0.0 want: *
47 timing idealTree:#root Completed in 3811ms
48 timing idealTree:node_modules/react-toastify Completed in 0ms
49 timing idealTree:buildDeps Completed in 3819ms
50 timing idealTree:fixDepFlags Completed in 15ms
51 timing idealTree Completed in 4892ms
52 timing reify:loadTrees Completed in 4897ms
53 timing reify:diffTrees Completed in 50ms
54 silly reify moves {}
55 timing reify:retireShallow Completed in 7ms
56 timing reify:createSparse Completed in 63ms
57 timing reify:loadBundles Completed in 0ms
58 silly audit bulk request {
58 silly audit   '@ampproject/remapping': [ '2.2.0' ],
58 silly audit   '@babel/code-frame': [ '7.18.6' ],
58 silly audit   '@babel/compat-data': [ '7.20.5' ],
58 silly audit   '@babel/core': [ '7.20.5' ],
58 silly audit   '@babel/generator': [ '7.20.5' ],
58 silly audit   '@jridgewell/gen-mapping': [ '0.3.2', '0.1.1' ],
58 silly audit   '@babel/helper-compilation-targets': [ '7.20.0' ],
58 silly audit   '@babel/helper-environment-visitor': [ '7.18.9' ],
58 silly audit   '@babel/helper-function-name': [ '7.19.0' ],
58 silly audit   '@babel/helper-hoist-variables': [ '7.18.6' ],
58 silly audit   '@babel/helper-module-imports': [ '7.18.6' ],
58 silly audit   '@babel/helper-module-transforms': [ '7.20.2' ],
58 silly audit   '@babel/helper-plugin-utils': [ '7.20.2' ],
58 silly audit   '@babel/helper-simple-access': [ '7.20.2' ],
58 silly audit   '@babel/helper-split-export-declaration': [ '7.18.6' ],
58 silly audit   '@babel/helper-string-parser': [ '7.19.4' ],
58 silly audit   '@babel/helper-validator-identifier': [ '7.19.1' ],
58 silly audit   '@babel/helper-validator-option': [ '7.18.6' ],
58 silly audit   '@babel/helpers': [ '7.20.6' ],
58 silly audit   '@babel/highlight': [ '7.18.6' ],
58 silly audit   '@babel/parser': [ '7.20.5' ],
58 silly audit   '@babel/plugin-syntax-jsx': [ '7.18.6' ],
58 silly audit   '@babel/plugin-transform-react-jsx-self': [ '7.18.6' ],
58 silly audit   '@babel/plugin-transform-react-jsx-source': [ '7.19.6' ],
58 silly audit   '@babel/runtime': [ '7.20.13' ],
58 silly audit   '@babel/template': [ '7.18.10' ],
58 silly audit   '@babel/traverse': [ '7.20.5' ],
58 silly audit   '@babel/types': [ '7.20.5' ],
58 silly audit   '@emotion/babel-plugin': [ '11.10.5' ],
58 silly audit   'escape-string-regexp': [ '4.0.0', '1.0.5' ],
58 silly audit   '@emotion/cache': [ '11.10.5' ],
58 silly audit   '@emotion/hash': [ '0.9.0' ],
58 silly audit   '@emotion/is-prop-valid': [ '1.2.0' ],
58 silly audit   '@emotion/memoize': [ '0.8.0' ],
58 silly audit   '@emotion/react': [ '11.10.5' ],
58 silly audit   '@emotion/serialize': [ '1.1.1' ],
58 silly audit   '@emotion/sheet': [ '1.2.1' ],
58 silly audit   '@emotion/styled': [ '11.10.5' ],
58 silly audit   '@emotion/unitless': [ '0.8.0' ],
58 silly audit   '@emotion/use-insertion-effect-with-fallbacks': [ '1.0.0' ],
58 silly audit   '@emotion/utils': [ '1.2.0' ],
58 silly audit   '@emotion/weak-memoize': [ '0.3.0' ],
58 silly audit   '@esbuild/android-arm': [ '0.16.4' ],
58 silly audit   '@esbuild/android-arm64': [ '0.16.4' ],
58 silly audit   '@esbuild/android-x64': [ '0.16.4' ],
58 silly audit   '@esbuild/darwin-arm64': [ '0.16.4' ],
58 silly audit   '@esbuild/darwin-x64': [ '0.16.4' ],
58 silly audit   '@esbuild/freebsd-arm64': [ '0.16.4' ],
58 silly audit   '@esbuild/freebsd-x64': [ '0.16.4' ],
58 silly audit   '@esbuild/linux-arm': [ '0.16.4' ],
58 silly audit   '@esbuild/linux-arm64': [ '0.16.4' ],
58 silly audit   '@esbuild/linux-ia32': [ '0.16.4' ],
58 silly audit   '@esbuild/linux-loong64': [ '0.16.4' ],
58 silly audit   '@esbuild/linux-mips64el': [ '0.16.4' ],
58 silly audit   '@esbuild/linux-ppc64': [ '0.16.4' ],
58 silly audit   '@esbuild/linux-riscv64': [ '0.16.4' ],
58 silly audit   '@esbuild/linux-s390x': [ '0.16.4' ],
58 silly audit   '@esbuild/linux-x64': [ '0.16.4' ],
58 silly audit   '@esbuild/netbsd-x64': [ '0.16.4' ],
58 silly audit   '@esbuild/openbsd-x64': [ '0.16.4' ],
58 silly audit   '@esbuild/sunos-x64': [ '0.16.4' ],
58 silly audit   '@esbuild/win32-arm64': [ '0.16.4' ],
58 silly audit   '@esbuild/win32-ia32': [ '0.16.4' ],
58 silly audit   '@esbuild/win32-x64': [ '0.16.4' ],
58 silly audit   '@jridgewell/resolve-uri': [ '3.1.0' ],
58 silly audit   '@jridgewell/set-array': [ '1.1.2' ],
58 silly audit   '@jridgewell/sourcemap-codec': [ '1.4.14' ],
58 silly audit   '@jridgewell/trace-mapping': [ '0.3.17' ],
58 silly audit   '@mui/base': [ '5.0.0-alpha.117' ],
58 silly audit   '@mui/core-downloads-tracker': [ '5.11.8' ],
58 silly audit   '@mui/icons-material': [ '5.11.9' ],
58 silly audit   '@mui/material': [ '5.11.8' ],
58 silly audit   '@mui/private-theming': [ '5.11.7' ],
58 silly audit   '@mui/styled-engine': [ '5.11.8' ],
58 silly audit   '@mui/system': [ '5.11.8' ],
58 silly audit   '@mui/types': [ '7.2.3' ],
58 silly audit   '@mui/utils': [ '5.11.7' ],
58 silly audit   '@popperjs/core': [ '2.11.6' ],
58 silly audit   '@reduxjs/toolkit': [ '1.9.1' ],
58 silly audit   '@remix-run/router': [ '1.3.2' ],
58 silly audit   '@socket.io/component-emitter': [ '3.1.0' ],
58 silly audit   '@types/hoist-non-react-statics': [ '3.3.1' ],
58 silly audit   '@types/parse-json': [ '4.0.0' ],
58 silly audit   '@types/prop-types': [ '15.7.5' ],
58 silly audit   '@types/react': [ '18.0.26' ],
58 silly audit   '@types/react-dom': [ '18.0.9' ],
58 silly audit   '@types/react-is': [ '17.0.3' ],
58 silly audit   '@types/react-transition-group': [ '4.4.5' ],
58 silly audit   '@types/scheduler': [ '0.16.2' ],
58 silly audit   '@types/use-sync-external-store': [ '0.0.3' ],
58 silly audit   '@vitejs/plugin-react': [ '3.0.0' ],
58 silly audit   'ansi-styles': [ '3.2.1' ],
58 silly audit   asynckit: [ '0.4.0' ],
58 silly audit   axios: [ '1.2.1' ],
58 silly audit   'babel-plugin-macros': [ '3.1.0' ],
58 silly audit   browserslist: [ '4.21.4' ],
58 silly audit   callsites: [ '3.1.0' ],
58 silly audit   'caniuse-lite': [ '1.0.30001439' ],
58 silly audit   chalk: [ '2.4.2' ],
58 silly audit   clsx: [ '1.2.1' ],
58 silly audit   'color-convert': [ '1.9.3' ],
58 silly audit   'color-name': [ '1.1.3' ],
58 silly audit   'combined-stream': [ '1.0.8' ],
58 silly audit   'convert-source-map': [ '1.9.0' ],
58 silly audit   cosmiconfig: [ '7.1.0' ],
58 silly audit   csstype: [ '3.1.1' ],
58 silly audit   debug: [ '4.3.4' ],
58 silly audit   'delayed-stream': [ '1.0.0' ],
58 silly audit   'dom-helpers': [ '5.2.1' ],
58 silly audit   'electron-to-chromium': [ '1.4.284' ],
58 silly audit   'engine.io-client': [ '6.2.3' ],
58 silly audit   'engine.io-parser': [ '5.0.4' ],
58 silly audit   'error-ex': [ '1.3.2' ],
58 silly audit   esbuild: [ '0.16.4' ],
58 silly audit   escalade: [ '3.1.1' ],
58 silly audit   'find-root': [ '1.1.0' ],
58 silly audit   'follow-redirects': [ '1.15.2' ],
58 silly audit   'form-data': [ '4.0.0' ],
58 silly audit   fsevents: [ '2.3.2' ],
58 silly audit   'function-bind': [ '1.1.1' ],
58 silly audit   gensync: [ '1.0.0-beta.2' ],
58 silly audit   globals: [ '11.12.0' ],
58 silly audit   has: [ '1.0.3' ],
58 silly audit   'has-flag': [ '3.0.0' ],
58 silly audit   'hoist-non-react-statics': [ '3.3.2' ],
58 silly audit   'react-is': [ '16.13.1', '18.2.0' ],
58 silly audit   immer: [ '9.0.16' ],
58 silly audit   'import-fresh': [ '3.3.0' ],
58 silly audit   'is-arrayish': [ '0.2.1' ],
58 silly audit   'is-core-module': [ '2.11.0' ],
58 silly audit   'js-tokens': [ '4.0.0' ],
58 silly audit   jsesc: [ '2.5.2' ],
58 silly audit   'json-parse-even-better-errors': [ '2.3.1' ],
58 silly audit   json5: [ '2.2.1' ],
58 silly audit   'lines-and-columns': [ '1.2.4' ],
58 silly audit   'loose-envify': [ '1.4.0' ],
58 silly audit   'magic-string': [ '0.27.0' ],
58 silly audit   'mime-db': [ '1.52.0' ],
58 silly audit   'mime-types': [ '2.1.35' ],
58 silly audit   ms: [ '2.1.2' ],
58 silly audit   nanoid: [ '3.3.4' ],
58 silly audit   'node-releases': [ '2.0.6' ],
58 silly audit   'object-assign': [ '4.1.1' ],
58 silly audit   'parent-module': [ '1.0.1' ],
58 silly audit   'parse-json': [ '5.2.0' ],
58 silly audit   'path-parse': [ '1.0.7' ],
58 silly audit   'path-type': [ '4.0.0' ],
58 silly audit   picocolors: [ '1.0.0' ],
58 silly audit   postcss: [ '8.4.19' ],
58 silly audit   'prop-types': [ '15.8.1' ],
58 silly audit   'proxy-from-env': [ '1.1.0' ],
58 silly audit   react: [ '18.2.0' ],
58 silly audit   'react-dom': [ '18.2.0' ],
58 silly audit   'react-redux': [ '8.0.5' ],
58 silly audit   'react-refresh': [ '0.14.0' ],
58 silly audit   'react-router': [ '6.8.1' ],
58 silly audit   'react-router-dom': [ '6.8.1' ],
58 silly audit   'react-transition-group': [ '4.4.5' ],
58 silly audit   redux: [ '4.2.0' ],
58 silly audit   'redux-thunk': [ '2.4.2' ],
58 silly audit   'regenerator-runtime': [ '0.13.11' ],
58 silly audit   reselect: [ '4.1.7' ],
58 silly audit   resolve: [ '1.22.1' ],
58 silly audit   'resolve-from': [ '4.0.0' ],
58 silly audit   rollup: [ '3.7.2' ],
58 silly audit   scheduler: [ '0.23.0' ],
58 silly audit   semver: [ '6.3.0' ],
58 silly audit   'socket.io-client': [ '4.5.4' ],
58 silly audit   'socket.io-parser': [ '4.2.1' ],
58 silly audit   'source-map': [ '0.5.7' ],
58 silly audit   'source-map-js': [ '1.0.2' ],
58 silly audit   stylis: [ '4.1.3' ],
58 silly audit   'supports-color': [ '5.5.0' ],
58 silly audit   'supports-preserve-symlinks-flag': [ '1.0.0' ],
58 silly audit   'to-fast-properties': [ '2.0.0' ],
58 silly audit   'update-browserslist-db': [ '1.0.10' ],
58 silly audit   'use-sync-external-store': [ '1.2.0' ],
58 silly audit   vite: [ '4.0.0' ],
58 silly audit   ws: [ '8.2.3' ],
58 silly audit   'xmlhttprequest-ssl': [ '2.0.0' ],
58 silly audit   yaml: [ '1.10.2' ],
58 silly audit   'react-toastify': [ '9.1.1' ]
58 silly audit }
59 verbose reify failed optional dependency /data/data/com.termux/files/home/my-app/node_modules/fsevents
60 silly reify mark deleted [ '/data/data/com.termux/files/home/my-app/node_modules/fsevents' ]
61 verbose reify failed optional dependency /data/data/com.termux/files/home/my-app/node_modules/@esbuild/win32-x64
62 silly reify mark deleted [
62 silly reify   '/data/data/com.termux/files/home/my-app/node_modules/@esbuild/win32-x64'
62 silly reify ]
63 verbose reify failed optional dependency /data/data/com.termux/files/home/my-app/node_modules/@esbuild/win32-ia32
64 silly reify mark deleted [
64 silly reify   '/data/data/com.termux/files/home/my-app/node_modules/@esbuild/win32-ia32'
64 silly reify ]
65 verbose reify failed optional dependency /data/data/com.termux/files/home/my-app/node_modules/@esbuild/win32-arm64
66 silly reify mark deleted [
66 silly reify   '/data/data/com.termux/files/home/my-app/node_modules/@esbuild/win32-arm64'
66 silly reify ]
67 verbose reify failed optional dependency /data/data/com.termux/files/home/my-app/node_modules/@esbuild/sunos-x64
68 silly reify mark deleted [
68 silly reify   '/data/data/com.termux/files/home/my-app/node_modules/@esbuild/sunos-x64'
68 silly reify ]
69 verbose reify failed optional dependency /data/data/com.termux/files/home/my-app/node_modules/@esbuild/openbsd-x64
70 silly reify mark deleted [
70 silly reify   '/data/data/com.termux/files/home/my-app/node_modules/@esbuild/openbsd-x64'
70 silly reify ]
71 verbose reify failed optional dependency /data/data/com.termux/files/home/my-app/node_modules/@esbuild/netbsd-x64
72 silly reify mark deleted [
72 silly reify   '/data/data/com.termux/files/home/my-app/node_modules/@esbuild/netbsd-x64'
72 silly reify ]
73 verbose reify failed optional dependency /data/data/com.termux/files/home/my-app/node_modules/@esbuild/linux-x64
74 silly reify mark deleted [
74 silly reify   '/data/data/com.termux/files/home/my-app/node_modules/@esbuild/linux-x64'
74 silly reify ]
75 verbose reify failed optional dependency /data/data/com.termux/files/home/my-app/node_modules/@esbuild/linux-s390x
76 silly reify mark deleted [
76 silly reify   '/data/data/com.termux/files/home/my-app/node_modules/@esbuild/linux-s390x'
76 silly reify ]
77 verbose reify failed optional dependency /data/data/com.termux/files/home/my-app/node_modules/@esbuild/linux-riscv64
78 silly reify mark deleted [
78 silly reify   '/data/data/com.termux/files/home/my-app/node_modules/@esbuild/linux-riscv64'
78 silly reify ]
79 verbose reify failed optional dependency /data/data/com.termux/files/home/my-app/node_modules/@esbuild/linux-ppc64
80 silly reify mark deleted [
80 silly reify   '/data/data/com.termux/files/home/my-app/node_modules/@esbuild/linux-ppc64'
80 silly reify ]
81 verbose reify failed optional dependency /data/data/com.termux/files/home/my-app/node_modules/@esbuild/linux-mips64el
82 silly reify mark deleted [
82 silly reify   '/data/data/com.termux/files/home/my-app/node_modules/@esbuild/linux-mips64el'
82 silly reify ]
83 verbose reify failed optional dependency /data/data/com.termux/files/home/my-app/node_modules/@esbuild/linux-loong64
84 silly reify mark deleted [
84 silly reify   '/data/data/com.termux/files/home/my-app/node_modules/@esbuild/linux-loong64'
84 silly reify ]
85 verbose reify failed optional dependency /data/data/com.termux/files/home/my-app/node_modules/@esbuild/linux-ia32
86 silly reify mark deleted [
86 silly reify   '/data/data/com.termux/files/home/my-app/node_modules/@esbuild/linux-ia32'
86 silly reify ]
87 verbose reify failed optional dependency /data/data/com.termux/files/home/my-app/node_modules/@esbuild/linux-arm64
88 silly reify mark deleted [
88 silly reify   '/data/data/com.termux/files/home/my-app/node_modules/@esbuild/linux-arm64'
88 silly reify ]
89 verbose reify failed optional dependency /data/data/com.termux/files/home/my-app/node_modules/@esbuild/linux-arm
90 silly reify mark deleted [
90 silly reify   '/data/data/com.termux/files/home/my-app/node_modules/@esbuild/linux-arm'
90 silly reify ]
91 verbose reify failed optional dependency /data/data/com.termux/files/home/my-app/node_modules/@esbuild/freebsd-x64
92 silly reify mark deleted [
92 silly reify   '/data/data/com.termux/files/home/my-app/node_modules/@esbuild/freebsd-x64'
92 silly reify ]
93 verbose reify failed optional dependency /data/data/com.termux/files/home/my-app/node_modules/@esbuild/freebsd-arm64
94 silly reify mark deleted [
94 silly reify   '/data/data/com.termux/files/home/my-app/node_modules/@esbuild/freebsd-arm64'
94 silly reify ]
95 verbose reify failed optional dependency /data/data/com.termux/files/home/my-app/node_modules/@esbuild/darwin-x64
96 silly reify mark deleted [
96 silly reify   '/data/data/com.termux/files/home/my-app/node_modules/@esbuild/darwin-x64'
96 silly reify ]
97 verbose reify failed optional dependency /data/data/com.termux/files/home/my-app/node_modules/@esbuild/darwin-arm64
98 silly reify mark deleted [
98 silly reify   '/data/data/com.termux/files/home/my-app/node_modules/@esbuild/darwin-arm64'
98 silly reify ]
99 verbose reify failed optional dependency /data/data/com.termux/files/home/my-app/node_modules/@esbuild/android-x64
100 silly reify mark deleted [
100 silly reify   '/data/data/com.termux/files/home/my-app/node_modules/@esbuild/android-x64'
100 silly reify ]
101 verbose reify failed optional dependency /data/data/com.termux/files/home/my-app/node_modules/@esbuild/android-arm64
102 silly reify mark deleted [
102 silly reify   '/data/data/com.termux/files/home/my-app/node_modules/@esbuild/android-arm64'
102 silly reify ]
103 timing reifyNode:node_modules/fsevents Completed in 107ms
104 timing reifyNode:node_modules/@esbuild/win32-x64 Completed in 107ms
105 timing reifyNode:node_modules/@esbuild/win32-ia32 Completed in 107ms
106 timing reifyNode:node_modules/@esbuild/win32-arm64 Completed in 107ms
107 timing reifyNode:node_modules/@esbuild/sunos-x64 Completed in 105ms
108 timing reifyNode:node_modules/@esbuild/openbsd-x64 Completed in 106ms
109 timing reifyNode:node_modules/@esbuild/netbsd-x64 Completed in 106ms
110 timing reifyNode:node_modules/@esbuild/linux-x64 Completed in 105ms
111 timing reifyNode:node_modules/@esbuild/linux-s390x Completed in 105ms
112 timing reifyNode:node_modules/@esbuild/linux-riscv64 Completed in 104ms
113 timing reifyNode:node_modules/@esbuild/linux-ppc64 Completed in 105ms
114 timing reifyNode:node_modules/@esbuild/linux-mips64el Completed in 104ms
115 timing reifyNode:node_modules/@esbuild/linux-loong64 Completed in 103ms
116 timing reifyNode:node_modules/@esbuild/linux-ia32 Completed in 103ms
117 timing reifyNode:node_modules/@esbuild/linux-arm64 Completed in 102ms
118 timing reifyNode:node_modules/@esbuild/linux-arm Completed in 101ms
119 timing reifyNode:node_modules/@esbuild/freebsd-x64 Completed in 101ms
120 timing reifyNode:node_modules/@esbuild/freebsd-arm64 Completed in 101ms
121 timing reifyNode:node_modules/@esbuild/darwin-x64 Completed in 101ms
122 timing reifyNode:node_modules/@esbuild/darwin-arm64 Completed in 100ms
123 timing reifyNode:node_modules/@esbuild/android-x64 Completed in 100ms
124 timing reifyNode:node_modules/@esbuild/android-arm64 Completed in 100ms
125 silly tarball no local data for react-toastify@https://registry.npmjs.org/react-toastify/-/react-toastify-9.1.1.tgz. Extracting by manifest.
126 http fetch POST 200 https://registry.npmjs.org/-/npm/v1/security/advisories/bulk 467ms
127 timing auditReport:getReport Completed in 515ms
128 silly audit report {
128 silly audit report   json5: [
128 silly audit report     {
128 silly audit report       id: 1091148,
128 silly audit report       url: 'https://github.com/advisories/GHSA-9c47-m6qq-7p4h',
128 silly audit report       title: 'Prototype Pollution in JSON5 via Parse Method',
128 silly audit report       severity: 'high',
128 silly audit report       vulnerable_versions: '>=2.0.0 <2.2.2',
128 silly audit report       cwe: [Array],
128 silly audit report       cvss: [Object]
128 silly audit report     }
128 silly audit report   ]
128 silly audit report }
129 timing metavuln:cache:get:security-advisory:json5:FewZk+r3gkr+fV8uxXGDeSUz6U/7loNmzSPStafhi2HfxbrTr6+c3xvaqFCGJ9GwgOajYr1Jm+TkOPENfRkOPw== Completed in 9ms
130 http fetch GET 200 https://registry.npmjs.org/json5 118ms (cache revalidated)
131 timing metavuln:packument:json5 Completed in 124ms
132 timing metavuln:load:security-advisory:json5:1091148 Completed in 15ms
133 timing metavuln:cache:put:security-advisory:json5:FewZk+r3gkr+fV8uxXGDeSUz6U/7loNmzSPStafhi2HfxbrTr6+c3xvaqFCGJ9GwgOajYr1Jm+TkOPENfRkOPw== Completed in 46ms
134 timing metavuln:calculate:security-advisory:json5:1091148 Completed in 190ms
135 timing metavuln:cache:get:security-advisory:@babel/core:+xD594M3TGMVotmR8kb8x7RHwZfXVcGcxc2XIAjR9XE/AYmpmtbGWVT6G7yTagx3NWYF1NpCjTGtS+RLGFT/OA== Completed in 6ms
136 http fetch GET 200 https://registry.npmjs.org/react-toastify/-/react-toastify-9.1.1.tgz 522ms (cache miss)
137 timing reifyNode:node_modules/react-toastify Completed in 719ms
138 timing reify:unpack Completed in 721ms
139 timing reify:unretire Completed in 1ms
140 timing build:queue Completed in 7ms
141 timing build:deps Completed in 10ms
142 timing build Completed in 11ms
143 timing reify:build Completed in 14ms
144 timing reify:trash Completed in 14ms
145 timing reify:save Completed in 347ms
146 http fetch GET 200 https://registry.npmjs.org/@babel%2fcore 610ms (cache updated)
147 timing metavuln:packument:@babel/core Completed in 631ms
148 timing metavuln:load:security-advisory:@babel/core:FewZk+r3gkr+fV8uxXGDeSUz6U/7loNmzSPStafhi2HfxbrTr6+c3xvaqFCGJ9GwgOajYr1Jm+TkOPENfRkOPw== Completed in 36ms
149 timing metavuln:cache:put:security-advisory:@babel/core:+xD594M3TGMVotmR8kb8x7RHwZfXVcGcxc2XIAjR9XE/AYmpmtbGWVT6G7yTagx3NWYF1NpCjTGtS+RLGFT/OA== Completed in 23ms
150 timing metavuln:calculate:security-advisory:@babel/core:FewZk+r3gkr+fV8uxXGDeSUz6U/7loNmzSPStafhi2HfxbrTr6+c3xvaqFCGJ9GwgOajYr1Jm+TkOPENfRkOPw== Completed in 692ms
151 timing auditReport:init Completed in 884ms
152 timing reify:audit Completed in 1405ms
153 timing reify Completed in 6485ms
154 silly ADD node_modules/react-toastify
155 silly ADD
156 silly ADD
157 silly ADD
158 silly ADD
159 silly ADD
160 silly ADD
161 silly ADD
162 silly ADD
163 silly ADD
164 silly ADD
165 silly ADD
166 silly ADD
167 silly ADD
168 silly ADD
169 silly ADD
170 silly ADD
171 silly ADD
172 silly ADD
173 silly ADD
174 silly ADD
175 silly ADD
176 silly ADD
177 timing command:i Completed in 6542ms
178 verbose exit 0
179 timing npm Completed in 7418ms
180 info ok
